2017-11-22 15:40:45.666  INFO 6976 --- [restartedMain] org.medservice.MedServiceApplication     : Starting MedServiceApplication on Echo-ПК with PID 6976 (E:\development\java\medservice\target\classes started by Echo in E:\development\java\medservice)
2017-11-22 15:40:45.667  INFO 6976 --- [restartedMain] org.medservice.MedServiceApplication     : The following profiles are active: dev
2017-11-22 15:40:45.819  INFO 6976 --- [restartedMain] ationConfigEmbeddedWebApplicationContext : Refreshing org.springframework.boot.context.embedded.AnnotationConfigEmbeddedWebApplicationContext@62505928: startup date [Wed Nov 22 15:40:45 EET 2017]; root of context hierarchy
2017-11-22 15:40:48.537  INFO 6976 --- [restartedMain] s.b.c.e.t.TomcatEmbeddedServletContainer : Tomcat initialized with port(s): 8080 (http)
2017-11-22 15:40:48.549  INFO 6976 --- [restartedMain] o.apache.catalina.core.StandardService   : Starting service [Tomcat]
2017-11-22 15:40:48.550  INFO 6976 --- [restartedMain] org.apache.catalina.core.StandardEngine  : Starting Servlet Engine: Apache Tomcat/8.5.20
2017-11-22 15:40:48.678  INFO 6976 --- [localhost-startStop-1] o.a.c.c.C.[Tomcat].[localhost].[/]       : Initializing Spring embedded WebApplicationContext
2017-11-22 15:40:48.901  INFO 6976 --- [localhost-startStop-1] o.s.b.w.servlet.FilterRegistrationBean   : Mapping filter: 'characterEncodingFilter' to: [/*]
2017-11-22 15:40:48.902  INFO 6976 --- [localhost-startStop-1] o.s.b.w.servlet.FilterRegistrationBean   : Mapping filter: 'hiddenHttpMethodFilter' to: [/*]
2017-11-22 15:40:48.903  INFO 6976 --- [localhost-startStop-1] o.s.b.w.servlet.FilterRegistrationBean   : Mapping filter: 'httpPutFormContentFilter' to: [/*]
2017-11-22 15:40:48.904  INFO 6976 --- [localhost-startStop-1] o.s.b.w.servlet.FilterRegistrationBean   : Mapping filter: 'requestContextFilter' to: [/*]
2017-11-22 15:40:48.905  INFO 6976 --- [localhost-startStop-1] .s.DelegatingFilterProxyRegistrationBean : Mapping filter: 'springSecurityFilterChain' to: [/*]
2017-11-22 15:40:48.906  INFO 6976 --- [localhost-startStop-1] o.s.b.w.servlet.ServletRegistrationBean  : Mapping servlet: 'dispatcherServlet' to [/]
2017-11-22 15:40:49.673  INFO 6976 --- [restartedMain] org.mongodb.driver.cluster               : Cluster created with settings {hosts=[localhost:27017], mode=MULTIPLE, requiredClusterType=UNKNOWN, serverSelectionTimeout='30000 ms', maxWaitQueueSize=500}
2017-11-22 15:40:49.673  INFO 6976 --- [restartedMain] org.mongodb.driver.cluster               : Adding discovered server localhost:27017 to client view of cluster
2017-11-22 15:40:49.752  INFO 6976 --- [cluster-ClusterId{value='5a157e61e9862e1b40ba280b', description='null'}-localhost:27017] org.mongodb.driver.connection            : Opened connection [connectionId{localValue:1, serverValue:40}] to localhost:27017
2017-11-22 15:40:49.754  INFO 6976 --- [cluster-ClusterId{value='5a157e61e9862e1b40ba280b', description='null'}-localhost:27017] org.mongodb.driver.cluster               : Monitor thread successfully connected to server with description ServerDescription{address=localhost:27017, type=STANDALONE, state=CONNECTED, ok=true, version=ServerVersion{versionList=[3, 4, 9]}, minWireVersion=0, maxWireVersion=5, maxDocumentSize=16777216, roundTripTimeNanos=913411}
2017-11-22 15:40:49.756  INFO 6976 --- [cluster-ClusterId{value='5a157e61e9862e1b40ba280b', description='null'}-localhost:27017] org.mongodb.driver.cluster               : Discovered cluster type of STANDALONE
2017-11-22 15:40:50.216 DEBUG 6976 --- [restartedMain] eGlobalAuthenticationAutowiredConfigurer : Eagerly initializing {securityConfiguration=org.medservice.configuration.SecurityConfiguration$$EnhancerBySpringCGLIB$$c11fcb3e@5c639d2b}
2017-11-22 15:40:50.353 DEBUG 6976 --- [restartedMain] edFilterInvocationSecurityMetadataSource : Adding web access control expression 'permitAll', for ExactUrl [processUrl='/login?error']
2017-11-22 15:40:50.355 DEBUG 6976 --- [restartedMain] edFilterInvocationSecurityMetadataSource : Adding web access control expression 'permitAll', for ExactUrl [processUrl='/login']
2017-11-22 15:40:50.356 DEBUG 6976 --- [restartedMain] edFilterInvocationSecurityMetadataSource : Adding web access control expression 'permitAll', for ExactUrl [processUrl='/login']
2017-11-22 15:40:50.356 DEBUG 6976 --- [restartedMain] edFilterInvocationSecurityMetadataSource : Adding web access control expression 'permitAll', for Ant [pattern='/logout']
2017-11-22 15:40:50.357 DEBUG 6976 --- [restartedMain] edFilterInvocationSecurityMetadataSource : Adding web access control expression 'permitAll', for ExactUrl [processUrl='/login?logout']
2017-11-22 15:40:50.357 DEBUG 6976 --- [restartedMain] edFilterInvocationSecurityMetadataSource : Adding web access control expression 'permitAll', for Ant [pattern='/css/**']
2017-11-22 15:40:50.357 DEBUG 6976 --- [restartedMain] edFilterInvocationSecurityMetadataSource : Adding web access control expression 'permitAll', for Ant [pattern='/webjars/**']
2017-11-22 15:40:50.357 DEBUG 6976 --- [restartedMain] edFilterInvocationSecurityMetadataSource : Adding web access control expression 'permitAll', for Ant [pattern='/js/**']
2017-11-22 15:40:50.357 DEBUG 6976 --- [restartedMain] edFilterInvocationSecurityMetadataSource : Adding web access control expression 'hasAuthority('ADMIN')', for Ant [pattern='/admin/**']
2017-11-22 15:40:50.359 DEBUG 6976 --- [restartedMain] edFilterInvocationSecurityMetadataSource : Adding web access control expression 'authenticated', for org.springframework.security.web.util.matcher.AnyRequestMatcher@1
2017-11-22 15:40:50.368 DEBUG 6976 --- [restartedMain] o.s.s.w.a.i.FilterSecurityInterceptor    : Validated configuration attributes
2017-11-22 15:40:50.369 DEBUG 6976 --- [restartedMain] o.s.s.w.a.i.FilterSecurityInterceptor    : Validated configuration attributes
2017-11-22 15:40:50.382  INFO 6976 --- [restartedMain] o.s.s.web.DefaultSecurityFilterChain     : Creating filter chain: org.springframework.security.web.util.matcher.AnyRequestMatcher@1, [org.springframework.security.web.context.request.async.WebAsyncManagerIntegrationFilter@ecf979a, org.springframework.security.web.context.SecurityContextPersistenceFilter@35cd9fe5, org.springframework.security.web.header.HeaderWriterFilter@2dec2a2, org.springframework.security.web.csrf.CsrfFilter@b1af415, org.springframework.security.web.authentication.logout.LogoutFilter@441bea08, org.springframework.security.web.authentication.UsernamePasswordAuthenticationFilter@bd48bb7, org.springframework.security.web.savedrequest.RequestCacheAwareFilter@73551e91, org.springframework.security.web.servletapi.SecurityContextHolderAwareRequestFilter@5a48726e, org.springframework.security.web.authentication.AnonymousAuthenticationFilter@45e97c53, org.springframework.security.web.session.SessionManagementFilter@354f7ee7, org.springframework.security.web.access.ExceptionTranslationFilter@6672b15a, org.springframework.security.web.access.intercept.FilterSecurityInterceptor@5debd112]
2017-11-22 15:40:51.172  INFO 6976 --- [restartedMain] o.s.b.d.a.OptionalLiveReloadServer       : LiveReload server is running on port 35729
2017-11-22 15:40:51.243  INFO 6976 --- [restartedMain] o.s.j.e.a.AnnotationMBeanExporter        : Registering beans for JMX exposure on startup
2017-11-22 15:40:51.310  INFO 6976 --- [restartedMain] s.b.c.e.t.TomcatEmbeddedServletContainer : Tomcat started on port(s): 8080 (http)
2017-11-22 15:40:51.318  INFO 6976 --- [restartedMain] org.medservice.MedServiceApplication     : Started MedServiceApplication in 6.877 seconds (JVM running for 7.919)
2017-11-22 15:41:07.598  INFO 6976 --- [http-nio-8080-exec-1] o.a.c.c.C.[Tomcat].[localhost].[/]       : Initializing Spring FrameworkServlet 'dispatcherServlet'
2017-11-22 15:41:07.641 DEBUG 6976 --- [http-nio-8080-exec-1] o.s.security.web.FilterChainProxy        : /patients_table at position 1 of 12 in additional filter chain; firing Filter: 'WebAsyncManagerIntegrationFilter'
2017-11-22 15:41:07.642 DEBUG 6976 --- [http-nio-8080-exec-1] o.s.security.web.FilterChainProxy        : /patients_table at position 2 of 12 in additional filter chain; firing Filter: 'SecurityContextPersistenceFilter'
2017-11-22 15:41:07.643 DEBUG 6976 --- [http-nio-8080-exec-1] w.c.HttpSessionSecurityContextRepository : No HttpSession currently exists
2017-11-22 15:41:07.643 DEBUG 6976 --- [http-nio-8080-exec-1] w.c.HttpSessionSecurityContextRepository : No SecurityContext was available from the HttpSession: null. A new one will be created.
2017-11-22 15:41:07.645 DEBUG 6976 --- [http-nio-8080-exec-1] o.s.security.web.FilterChainProxy        : /patients_table at position 3 of 12 in additional filter chain; firing Filter: 'HeaderWriterFilter'
2017-11-22 15:41:07.646 DEBUG 6976 --- [http-nio-8080-exec-1] o.s.s.w.header.writers.HstsHeaderWriter  : Not injecting HSTS header since it did not match the requestMatcher org.springframework.security.web.header.writers.HstsHeaderWriter$SecureRequestMatcher@a6904e
2017-11-22 15:41:07.646 DEBUG 6976 --- [http-nio-8080-exec-1] o.s.security.web.FilterChainProxy        : /patients_table at position 4 of 12 in additional filter chain; firing Filter: 'CsrfFilter'
2017-11-22 15:41:07.647 DEBUG 6976 --- [http-nio-8080-exec-1] o.s.security.web.FilterChainProxy        : /patients_table at position 5 of 12 in additional filter chain; firing Filter: 'LogoutFilter'
2017-11-22 15:41:07.647 DEBUG 6976 --- [http-nio-8080-exec-1] o.s.s.w.u.matcher.AntPathRequestMatcher  : Checking match of request : '/patients_table'; against '/logout'
2017-11-22 15:41:07.647 DEBUG 6976 --- [http-nio-8080-exec-1] o.s.security.web.FilterChainProxy        : /patients_table at position 6 of 12 in additional filter chain; firing Filter: 'UsernamePasswordAuthenticationFilter'
2017-11-22 15:41:07.648 DEBUG 6976 --- [http-nio-8080-exec-1] o.s.s.w.u.matcher.AntPathRequestMatcher  : Request 'GET /patients_table' doesn't match 'POST /login
2017-11-22 15:41:07.648 DEBUG 6976 --- [http-nio-8080-exec-1] o.s.security.web.FilterChainProxy        : /patients_table at position 7 of 12 in additional filter chain; firing Filter: 'RequestCacheAwareFilter'
2017-11-22 15:41:07.648 DEBUG 6976 --- [http-nio-8080-exec-1] o.s.security.web.FilterChainProxy        : /patients_table at position 8 of 12 in additional filter chain; firing Filter: 'SecurityContextHolderAwareRequestFilter'
2017-11-22 15:41:07.650 DEBUG 6976 --- [http-nio-8080-exec-1] o.s.security.web.FilterChainProxy        : /patients_table at position 9 of 12 in additional filter chain; firing Filter: 'AnonymousAuthenticationFilter'
2017-11-22 15:41:07.651 DEBUG 6976 --- [http-nio-8080-exec-1] o.s.s.w.a.AnonymousAuthenticationFilter  : Populated SecurityContextHolder with anonymous token: 'org.springframework.security.authentication.AnonymousAuthenticationToken@9055c2bc: Principal: anonymousUser; Credentials: [PROTECTED]; Authenticated: true; Details: org.springframework.security.web.authentication.WebAuthenticationDetails@b364: RemoteIpAddress: 0:0:0:0:0:0:0:1; SessionId: null; Granted Authorities: ROLE_ANONYMOUS'
2017-11-22 15:41:07.651 DEBUG 6976 --- [http-nio-8080-exec-1] o.s.security.web.FilterChainProxy        : /patients_table at position 10 of 12 in additional filter chain; firing Filter: 'SessionManagementFilter'
2017-11-22 15:41:07.652 DEBUG 6976 --- [http-nio-8080-exec-1] o.s.s.w.session.SessionManagementFilter  : Requested session ID 422C0C5207A92C1153E039B32AF2A3C7 is invalid.
2017-11-22 15:41:07.652 DEBUG 6976 --- [http-nio-8080-exec-1] o.s.security.web.FilterChainProxy        : /patients_table at position 11 of 12 in additional filter chain; firing Filter: 'ExceptionTranslationFilter'
2017-11-22 15:41:07.652 DEBUG 6976 --- [http-nio-8080-exec-1] o.s.security.web.FilterChainProxy        : /patients_table at position 12 of 12 in additional filter chain; firing Filter: 'FilterSecurityInterceptor'
2017-11-22 15:41:07.653 DEBUG 6976 --- [http-nio-8080-exec-1] o.s.s.w.u.matcher.AntPathRequestMatcher  : Checking match of request : '/patients_table'; against '/logout'
2017-11-22 15:41:07.654 DEBUG 6976 --- [http-nio-8080-exec-1] o.s.s.w.u.matcher.AntPathRequestMatcher  : Checking match of request : '/patients_table'; against '/css/**'
2017-11-22 15:41:07.654 DEBUG 6976 --- [http-nio-8080-exec-1] o.s.s.w.u.matcher.AntPathRequestMatcher  : Checking match of request : '/patients_table'; against '/webjars/**'
2017-11-22 15:41:07.654 DEBUG 6976 --- [http-nio-8080-exec-1] o.s.s.w.u.matcher.AntPathRequestMatcher  : Checking match of request : '/patients_table'; against '/js/**'
2017-11-22 15:41:07.654 DEBUG 6976 --- [http-nio-8080-exec-1] o.s.s.w.u.matcher.AntPathRequestMatcher  : Checking match of request : '/patients_table'; against '/admin/**'
2017-11-22 15:41:07.655 DEBUG 6976 --- [http-nio-8080-exec-1] o.s.s.w.a.i.FilterSecurityInterceptor    : Secure object: FilterInvocation: URL: /patients_table; Attributes: [authenticated]
2017-11-22 15:41:07.655 DEBUG 6976 --- [http-nio-8080-exec-1] o.s.s.w.a.i.FilterSecurityInterceptor    : Previously Authenticated: org.springframework.security.authentication.AnonymousAuthenticationToken@9055c2bc: Principal: anonymousUser; Credentials: [PROTECTED]; Authenticated: true; Details: org.springframework.security.web.authentication.WebAuthenticationDetails@b364: RemoteIpAddress: 0:0:0:0:0:0:0:1; SessionId: null; Granted Authorities: ROLE_ANONYMOUS
2017-11-22 15:41:07.660 DEBUG 6976 --- [http-nio-8080-exec-1] o.s.s.access.vote.AffirmativeBased       : Voter: org.springframework.security.web.access.expression.WebExpressionVoter@22fe4d83, returned: -1
2017-11-22 15:41:07.667 DEBUG 6976 --- [http-nio-8080-exec-1] o.s.s.w.a.ExceptionTranslationFilter     : Access is denied (user is anonymous); redirecting to authentication entry point

org.springframework.security.access.AccessDeniedException: Access is denied
	at org.springframework.security.access.vote.AffirmativeBased.decide(AffirmativeBased.java:84) ~[spring-security-core-4.2.3.RELEASE.jar:4.2.3.RELEASE]
	at org.springframework.security.access.intercept.AbstractSecurityInterceptor.beforeInvocation(AbstractSecurityInterceptor.java:233) ~[spring-security-core-4.2.3.RELEASE.jar:4.2.3.RELEASE]
	at org.springframework.security.web.access.intercept.FilterSecurityInterceptor.invoke(FilterSecurityInterceptor.java:124) ~[spring-security-web-4.2.3.RELEASE.jar:4.2.3.RELEASE]
	at org.springframework.security.web.access.intercept.FilterSecurityInterceptor.doFilter(FilterSecurityInterceptor.java:91) ~[spring-security-web-4.2.3.RELEASE.jar:4.2.3.RELEASE]
	at org.springframework.security.web.FilterChainProxy$VirtualFilterChain.doFilter(FilterChainProxy.java:331) [spring-security-web-4.2.3.RELEASE.jar:4.2.3.RELEASE]
	at org.springframework.security.web.access.ExceptionTranslationFilter.doFilter(ExceptionTranslationFilter.java:114) ~[spring-security-web-4.2.3.RELEASE.jar:4.2.3.RELEASE]
	at org.springframework.security.web.FilterChainProxy$VirtualFilterChain.doFilter(FilterChainProxy.java:331) [spring-security-web-4.2.3.RELEASE.jar:4.2.3.RELEASE]
	at org.springframework.security.web.session.SessionManagementFilter.doFilter(SessionManagementFilter.java:137) [spring-security-web-4.2.3.RELEASE.jar:4.2.3.RELEASE]
	at org.springframework.security.web.FilterChainProxy$VirtualFilterChain.doFilter(FilterChainProxy.java:331) [spring-security-web-4.2.3.RELEASE.jar:4.2.3.RELEASE]
	at org.springframework.security.web.authentication.AnonymousAuthenticationFilter.doFilter(AnonymousAuthenticationFilter.java:111) [spring-security-web-4.2.3.RELEASE.jar:4.2.3.RELEASE]
	at org.springframework.security.web.FilterChainProxy$VirtualFilterChain.doFilter(FilterChainProxy.java:331) [spring-security-web-4.2.3.RELEASE.jar:4.2.3.RELEASE]
	at org.springframework.security.web.servletapi.SecurityContextHolderAwareRequestFilter.doFilter(SecurityContextHolderAwareRequestFilter.java:170) [spring-security-web-4.2.3.RELEASE.jar:4.2.3.RELEASE]
	at org.springframework.security.web.FilterChainProxy$VirtualFilterChain.doFilter(FilterChainProxy.java:331) [spring-security-web-4.2.3.RELEASE.jar:4.2.3.RELEASE]
	at org.springframework.security.web.savedrequest.RequestCacheAwareFilter.doFilter(RequestCacheAwareFilter.java:63) [spring-security-web-4.2.3.RELEASE.jar:4.2.3.RELEASE]
	at org.springframework.security.web.FilterChainProxy$VirtualFilterChain.doFilter(FilterChainProxy.java:331) [spring-security-web-4.2.3.RELEASE.jar:4.2.3.RELEASE]
	at org.springframework.security.web.authentication.AbstractAuthenticationProcessingFilter.doFilter(AbstractAuthenticationProcessingFilter.java:200) [spring-security-web-4.2.3.RELEASE.jar:4.2.3.RELEASE]
	at org.springframework.security.web.FilterChainProxy$VirtualFilterChain.doFilter(FilterChainProxy.java:331) [spring-security-web-4.2.3.RELEASE.jar:4.2.3.RELEASE]
	at org.springframework.security.web.authentication.logout.LogoutFilter.doFilter(LogoutFilter.java:116) [spring-security-web-4.2.3.RELEASE.jar:4.2.3.RELEASE]
	at org.springframework.security.web.FilterChainProxy$VirtualFilterChain.doFilter(FilterChainProxy.java:331) [spring-security-web-4.2.3.RELEASE.jar:4.2.3.RELEASE]
	at org.springframework.security.web.csrf.CsrfFilter.doFilterInternal(CsrfFilter.java:100) [spring-security-web-4.2.3.RELEASE.jar:4.2.3.RELEASE]
	at org.springframework.web.filter.OncePerRequestFilter.doFilter(OncePerRequestFilter.java:107) [spring-web-4.3.11.RELEASE.jar:4.3.11.RELEASE]
	at org.springframework.security.web.FilterChainProxy$VirtualFilterChain.doFilter(FilterChainProxy.java:331) [spring-security-web-4.2.3.RELEASE.jar:4.2.3.RELEASE]
	at org.springframework.security.web.header.HeaderWriterFilter.doFilterInternal(HeaderWriterFilter.java:64) [spring-security-web-4.2.3.RELEASE.jar:4.2.3.RELEASE]
	at org.springframework.web.filter.OncePerRequestFilter.doFilter(OncePerRequestFilter.java:107) [spring-web-4.3.11.RELEASE.jar:4.3.11.RELEASE]
	at org.springframework.security.web.FilterChainProxy$VirtualFilterChain.doFilter(FilterChainProxy.java:331) [spring-security-web-4.2.3.RELEASE.jar:4.2.3.RELEASE]
	at org.springframework.security.web.context.SecurityContextPersistenceFilter.doFilter(SecurityContextPersistenceFilter.java:105) [spring-security-web-4.2.3.RELEASE.jar:4.2.3.RELEASE]
	at org.springframework.security.web.FilterChainProxy$VirtualFilterChain.doFilter(FilterChainProxy.java:331) [spring-security-web-4.2.3.RELEASE.jar:4.2.3.RELEASE]
	at org.springframework.security.web.context.request.async.WebAsyncManagerIntegrationFilter.doFilterInternal(WebAsyncManagerIntegrationFilter.java:56) [spring-security-web-4.2.3.RELEASE.jar:4.2.3.RELEASE]
	at org.springframework.web.filter.OncePerRequestFilter.doFilter(OncePerRequestFilter.java:107) [spring-web-4.3.11.RELEASE.jar:4.3.11.RELEASE]
	at org.springframework.security.web.FilterChainProxy$VirtualFilterChain.doFilter(FilterChainProxy.java:331) [spring-security-web-4.2.3.RELEASE.jar:4.2.3.RELEASE]
	at org.springframework.security.web.FilterChainProxy.doFilterInternal(FilterChainProxy.java:214) [spring-security-web-4.2.3.RELEASE.jar:4.2.3.RELEASE]
	at org.springframework.security.web.FilterChainProxy.doFilter(FilterChainProxy.java:177) [spring-security-web-4.2.3.RELEASE.jar:4.2.3.RELEASE]
	at org.springframework.web.filter.DelegatingFilterProxy.invokeDelegate(DelegatingFilterProxy.java:346) [spring-web-4.3.11.RELEASE.jar:4.3.11.RELEASE]
	at org.springframework.web.filter.DelegatingFilterProxy.doFilter(DelegatingFilterProxy.java:262) [spring-web-4.3.11.RELEASE.jar:4.3.11.RELEASE]
	at org.apache.catalina.core.ApplicationFilterChain.internalDoFilter(ApplicationFilterChain.java:193) [tomcat-embed-core-8.5.20.jar:8.5.20]
	at org.apache.catalina.core.ApplicationFilterChain.doFilter(ApplicationFilterChain.java:166) [tomcat-embed-core-8.5.20.jar:8.5.20]
	at org.springframework.web.filter.RequestContextFilter.doFilterInternal(RequestContextFilter.java:99) [spring-web-4.3.11.RELEASE.jar:4.3.11.RELEASE]
	at org.springframework.web.filter.OncePerRequestFilter.doFilter(OncePerRequestFilter.java:107) [spring-web-4.3.11.RELEASE.jar:4.3.11.RELEASE]
	at org.apache.catalina.core.ApplicationFilterChain.internalDoFilter(ApplicationFilterChain.java:193) [tomcat-embed-core-8.5.20.jar:8.5.20]
	at org.apache.catalina.core.ApplicationFilterChain.doFilter(ApplicationFilterChain.java:166) [tomcat-embed-core-8.5.20.jar:8.5.20]
	at org.springframework.web.filter.HttpPutFormContentFilter.doFilterInternal(HttpPutFormContentFilter.java:108) [spring-web-4.3.11.RELEASE.jar:4.3.11.RELEASE]
	at org.springframework.web.filter.OncePerRequestFilter.doFilter(OncePerRequestFilter.java:107) [spring-web-4.3.11.RELEASE.jar:4.3.11.RELEASE]
	at org.apache.catalina.core.ApplicationFilterChain.internalDoFilter(ApplicationFilterChain.java:193) [tomcat-embed-core-8.5.20.jar:8.5.20]
	at org.apache.catalina.core.ApplicationFilterChain.doFilter(ApplicationFilterChain.java:166) [tomcat-embed-core-8.5.20.jar:8.5.20]
	at org.springframework.web.filter.HiddenHttpMethodFilter.doFilterInternal(HiddenHttpMethodFilter.java:81) [spring-web-4.3.11.RELEASE.jar:4.3.11.RELEASE]
	at org.springframework.web.filter.OncePerRequestFilter.doFilter(OncePerRequestFilter.java:107) [spring-web-4.3.11.RELEASE.jar:4.3.11.RELEASE]
	at org.apache.catalina.core.ApplicationFilterChain.internalDoFilter(ApplicationFilterChain.java:193) [tomcat-embed-core-8.5.20.jar:8.5.20]
	at org.apache.catalina.core.ApplicationFilterChain.doFilter(ApplicationFilterChain.java:166) [tomcat-embed-core-8.5.20.jar:8.5.20]
	at org.springframework.web.filter.CharacterEncodingFilter.doFilterInternal(CharacterEncodingFilter.java:197) [spring-web-4.3.11.RELEASE.jar:4.3.11.RELEASE]
	at org.springframework.web.filter.OncePerRequestFilter.doFilter(OncePerRequestFilter.java:107) [spring-web-4.3.11.RELEASE.jar:4.3.11.RELEASE]
	at org.apache.catalina.core.ApplicationFilterChain.internalDoFilter(ApplicationFilterChain.java:193) [tomcat-embed-core-8.5.20.jar:8.5.20]
	at org.apache.catalina.core.ApplicationFilterChain.doFilter(ApplicationFilterChain.java:166) [tomcat-embed-core-8.5.20.jar:8.5.20]
	at org.apache.catalina.core.StandardWrapperValve.invoke(StandardWrapperValve.java:198) [tomcat-embed-core-8.5.20.jar:8.5.20]
	at org.apache.catalina.core.StandardContextValve.invoke(StandardContextValve.java:96) [tomcat-embed-core-8.5.20.jar:8.5.20]
	at org.apache.catalina.authenticator.AuthenticatorBase.invoke(AuthenticatorBase.java:478) [tomcat-embed-core-8.5.20.jar:8.5.20]
	at org.apache.catalina.core.StandardHostValve.invoke(StandardHostValve.java:140) [tomcat-embed-core-8.5.20.jar:8.5.20]
	at org.apache.catalina.valves.ErrorReportValve.invoke(ErrorReportValve.java:80) [tomcat-embed-core-8.5.20.jar:8.5.20]
	at org.apache.catalina.core.StandardEngineValve.invoke(StandardEngineValve.java:87) [tomcat-embed-core-8.5.20.jar:8.5.20]
	at org.apache.catalina.connector.CoyoteAdapter.service(CoyoteAdapter.java:342) [tomcat-embed-core-8.5.20.jar:8.5.20]
	at org.apache.coyote.http11.Http11Processor.service(Http11Processor.java:799) [tomcat-embed-core-8.5.20.jar:8.5.20]
	at org.apache.coyote.AbstractProcessorLight.process(AbstractProcessorLight.java:66) [tomcat-embed-core-8.5.20.jar:8.5.20]
	at org.apache.coyote.AbstractProtocol$ConnectionHandler.process(AbstractProtocol.java:868) [tomcat-embed-core-8.5.20.jar:8.5.20]
	at org.apache.tomcat.util.net.NioEndpoint$SocketProcessor.doRun(NioEndpoint.java:1457) [tomcat-embed-core-8.5.20.jar:8.5.20]
	at org.apache.tomcat.util.net.SocketProcessorBase.run(SocketProcessorBase.java:49) [tomcat-embed-core-8.5.20.jar:8.5.20]
	at java.util.concurrent.ThreadPoolExecutor.runWorker(ThreadPoolExecutor.java:1142) [na:1.8.0_74]
	at java.util.concurrent.ThreadPoolExecutor$Worker.run(ThreadPoolExecutor.java:617) [na:1.8.0_74]
	at org.apache.tomcat.util.threads.TaskThread$WrappingRunnable.run(TaskThread.java:61) [tomcat-embed-core-8.5.20.jar:8.5.20]
	at java.lang.Thread.run(Thread.java:745) [na:1.8.0_74]

2017-11-22 15:41:07.670 DEBUG 6976 --- [http-nio-8080-exec-1] o.s.s.w.util.matcher.AndRequestMatcher   : Trying to match using Ant [pattern='/**', GET]
2017-11-22 15:41:07.671 DEBUG 6976 --- [http-nio-8080-exec-1] o.s.s.w.u.matcher.AntPathRequestMatcher  : Request '/patients_table' matched by universal pattern '/**'
2017-11-22 15:41:07.671 DEBUG 6976 --- [http-nio-8080-exec-1] o.s.s.w.util.matcher.AndRequestMatcher   : Trying to match using NegatedRequestMatcher [requestMatcher=Ant [pattern='/**/favicon.ico']]
2017-11-22 15:41:07.671 DEBUG 6976 --- [http-nio-8080-exec-1] o.s.s.w.u.matcher.AntPathRequestMatcher  : Checking match of request : '/patients_table'; against '/**/favicon.ico'
2017-11-22 15:41:07.671 DEBUG 6976 --- [http-nio-8080-exec-1] o.s.s.w.u.matcher.NegatedRequestMatcher  : matches = true
2017-11-22 15:41:07.671 DEBUG 6976 --- [http-nio-8080-exec-1] o.s.s.w.util.matcher.AndRequestMatcher   : Trying to match using NegatedRequestMatcher [requestMatcher=MediaTypeRequestMatcher [contentNegotiationStrategy=org.springframework.web.accept.ContentNegotiationManager@70cc8b96, matchingMediaTypes=[application/json], useEquals=false, ignoredMediaTypes=[*/*]]]
2017-11-22 15:41:07.675 DEBUG 6976 --- [http-nio-8080-exec-1] o.s.s.w.u.m.MediaTypeRequestMatcher      : httpRequestMediaTypes=[text/html, application/xhtml+xml, application/xml;q=0.9, */*;q=0.8]
2017-11-22 15:41:07.675 DEBUG 6976 --- [http-nio-8080-exec-1] o.s.s.w.u.m.MediaTypeRequestMatcher      : Processing text/html
2017-11-22 15:41:07.676 DEBUG 6976 --- [http-nio-8080-exec-1] o.s.s.w.u.m.MediaTypeRequestMatcher      : application/json .isCompatibleWith text/html = false
2017-11-22 15:41:07.676 DEBUG 6976 --- [http-nio-8080-exec-1] o.s.s.w.u.m.MediaTypeRequestMatcher      : Processing application/xhtml+xml
2017-11-22 15:41:07.676 DEBUG 6976 --- [http-nio-8080-exec-1] o.s.s.w.u.m.MediaTypeRequestMatcher      : application/json .isCompatibleWith application/xhtml+xml = false
2017-11-22 15:41:07.676 DEBUG 6976 --- [http-nio-8080-exec-1] o.s.s.w.u.m.MediaTypeRequestMatcher      : Processing application/xml;q=0.9
2017-11-22 15:41:07.676 DEBUG 6976 --- [http-nio-8080-exec-1] o.s.s.w.u.m.MediaTypeRequestMatcher      : application/json .isCompatibleWith application/xml;q=0.9 = false
2017-11-22 15:41:07.676 DEBUG 6976 --- [http-nio-8080-exec-1] o.s.s.w.u.m.MediaTypeRequestMatcher      : Processing */*;q=0.8
2017-11-22 15:41:07.676 DEBUG 6976 --- [http-nio-8080-exec-1] o.s.s.w.u.m.MediaTypeRequestMatcher      : Ignoring
2017-11-22 15:41:07.676 DEBUG 6976 --- [http-nio-8080-exec-1] o.s.s.w.u.m.MediaTypeRequestMatcher      : Did not match any media types
2017-11-22 15:41:07.676 DEBUG 6976 --- [http-nio-8080-exec-1] o.s.s.w.u.matcher.NegatedRequestMatcher  : matches = true
2017-11-22 15:41:07.676 DEBUG 6976 --- [http-nio-8080-exec-1] o.s.s.w.util.matcher.AndRequestMatcher   : Trying to match using NegatedRequestMatcher [requestMatcher=RequestHeaderRequestMatcher [expectedHeaderName=X-Requested-With, expectedHeaderValue=XMLHttpRequest]]
2017-11-22 15:41:07.677 DEBUG 6976 --- [http-nio-8080-exec-1] o.s.s.w.u.matcher.NegatedRequestMatcher  : matches = true
2017-11-22 15:41:07.677 DEBUG 6976 --- [http-nio-8080-exec-1] o.s.s.w.util.matcher.AndRequestMatcher   : All requestMatchers returned true
2017-11-22 15:41:07.954 DEBUG 6976 --- [http-nio-8080-exec-1] o.s.s.w.s.HttpSessionRequestCache        : DefaultSavedRequest added to Session: DefaultSavedRequest[http://localhost:8080/patients_table]
2017-11-22 15:41:07.954 DEBUG 6976 --- [http-nio-8080-exec-1] o.s.s.w.a.ExceptionTranslationFilter     : Calling Authentication entry point.
2017-11-22 15:41:07.955 DEBUG 6976 --- [http-nio-8080-exec-1] o.s.s.web.DefaultRedirectStrategy        : Redirecting to 'http://localhost:8080/login'
2017-11-22 15:41:07.955 DEBUG 6976 --- [http-nio-8080-exec-1] w.c.HttpSessionSecurityContextRepository : SecurityContext is empty or contents are anonymous - context will not be stored in HttpSession.
2017-11-22 15:41:07.956 DEBUG 6976 --- [http-nio-8080-exec-1] s.s.w.c.SecurityContextPersistenceFilter : SecurityContextHolder now cleared, as request processing completed
2017-11-22 15:41:07.981 DEBUG 6976 --- [http-nio-8080-exec-2] o.s.security.web.FilterChainProxy        : /login at position 1 of 12 in additional filter chain; firing Filter: 'WebAsyncManagerIntegrationFilter'
2017-11-22 15:41:07.981 DEBUG 6976 --- [http-nio-8080-exec-2] o.s.security.web.FilterChainProxy        : /login at position 2 of 12 in additional filter chain; firing Filter: 'SecurityContextPersistenceFilter'
2017-11-22 15:41:07.982 DEBUG 6976 --- [http-nio-8080-exec-2] w.c.HttpSessionSecurityContextRepository : HttpSession returned null object for SPRING_SECURITY_CONTEXT
2017-11-22 15:41:07.982 DEBUG 6976 --- [http-nio-8080-exec-2] w.c.HttpSessionSecurityContextRepository : No SecurityContext was available from the HttpSession: org.apache.catalina.session.StandardSessionFacade@4186cc83. A new one will be created.
2017-11-22 15:41:07.982 DEBUG 6976 --- [http-nio-8080-exec-2] o.s.security.web.FilterChainProxy        : /login at position 3 of 12 in additional filter chain; firing Filter: 'HeaderWriterFilter'
2017-11-22 15:41:07.988 DEBUG 6976 --- [http-nio-8080-exec-2] o.s.s.w.header.writers.HstsHeaderWriter  : Not injecting HSTS header since it did not match the requestMatcher org.springframework.security.web.header.writers.HstsHeaderWriter$SecureRequestMatcher@a6904e
2017-11-22 15:41:07.989 DEBUG 6976 --- [http-nio-8080-exec-2] o.s.security.web.FilterChainProxy        : /login at position 4 of 12 in additional filter chain; firing Filter: 'CsrfFilter'
2017-11-22 15:41:07.989 DEBUG 6976 --- [http-nio-8080-exec-2] o.s.security.web.FilterChainProxy        : /login at position 5 of 12 in additional filter chain; firing Filter: 'LogoutFilter'
2017-11-22 15:41:07.990 DEBUG 6976 --- [http-nio-8080-exec-2] o.s.s.w.u.matcher.AntPathRequestMatcher  : Checking match of request : '/login'; against '/logout'
2017-11-22 15:41:07.990 DEBUG 6976 --- [http-nio-8080-exec-2] o.s.security.web.FilterChainProxy        : /login at position 6 of 12 in additional filter chain; firing Filter: 'UsernamePasswordAuthenticationFilter'
2017-11-22 15:41:07.990 DEBUG 6976 --- [http-nio-8080-exec-2] o.s.s.w.u.matcher.AntPathRequestMatcher  : Request 'GET /login' doesn't match 'POST /login
2017-11-22 15:41:07.990 DEBUG 6976 --- [http-nio-8080-exec-2] o.s.security.web.FilterChainProxy        : /login at position 7 of 12 in additional filter chain; firing Filter: 'RequestCacheAwareFilter'
2017-11-22 15:41:07.990 DEBUG 6976 --- [http-nio-8080-exec-2] o.s.s.w.s.DefaultSavedRequest            : pathInfo: both null (property equals)
2017-11-22 15:41:07.990 DEBUG 6976 --- [http-nio-8080-exec-2] o.s.s.w.s.DefaultSavedRequest            : queryString: both null (property equals)
2017-11-22 15:41:07.990 DEBUG 6976 --- [http-nio-8080-exec-2] o.s.s.w.s.DefaultSavedRequest            : requestURI: arg1=/patients_table; arg2=/login (property not equals)
2017-11-22 15:41:07.990 DEBUG 6976 --- [http-nio-8080-exec-2] o.s.s.w.s.HttpSessionRequestCache        : saved request doesn't match
2017-11-22 15:41:07.995 DEBUG 6976 --- [http-nio-8080-exec-2] o.s.security.web.FilterChainProxy        : /login at position 8 of 12 in additional filter chain; firing Filter: 'SecurityContextHolderAwareRequestFilter'
2017-11-22 15:41:07.995 DEBUG 6976 --- [http-nio-8080-exec-2] o.s.security.web.FilterChainProxy        : /login at position 9 of 12 in additional filter chain; firing Filter: 'AnonymousAuthenticationFilter'
2017-11-22 15:41:07.995 DEBUG 6976 --- [http-nio-8080-exec-2] o.s.s.w.a.AnonymousAuthenticationFilter  : Populated SecurityContextHolder with anonymous token: 'org.springframework.security.authentication.AnonymousAuthenticationToken@9055c2bc: Principal: anonymousUser; Credentials: [PROTECTED]; Authenticated: true; Details: org.springframework.security.web.authentication.WebAuthenticationDetails@b364: RemoteIpAddress: 0:0:0:0:0:0:0:1; SessionId: 1E600D853E0BBAEF5D5780D1461E825F; Granted Authorities: ROLE_ANONYMOUS'
2017-11-22 15:41:07.996 DEBUG 6976 --- [http-nio-8080-exec-2] o.s.security.web.FilterChainProxy        : /login at position 10 of 12 in additional filter chain; firing Filter: 'SessionManagementFilter'
2017-11-22 15:41:07.996 DEBUG 6976 --- [http-nio-8080-exec-2] o.s.security.web.FilterChainProxy        : /login at position 11 of 12 in additional filter chain; firing Filter: 'ExceptionTranslationFilter'
2017-11-22 15:41:07.996 DEBUG 6976 --- [http-nio-8080-exec-2] o.s.security.web.FilterChainProxy        : /login at position 12 of 12 in additional filter chain; firing Filter: 'FilterSecurityInterceptor'
2017-11-22 15:41:07.997 DEBUG 6976 --- [http-nio-8080-exec-2] o.s.s.w.a.i.FilterSecurityInterceptor    : Secure object: FilterInvocation: URL: /login; Attributes: [permitAll]
2017-11-22 15:41:07.997 DEBUG 6976 --- [http-nio-8080-exec-2] o.s.s.w.a.i.FilterSecurityInterceptor    : Previously Authenticated: org.springframework.security.authentication.AnonymousAuthenticationToken@9055c2bc: Principal: anonymousUser; Credentials: [PROTECTED]; Authenticated: true; Details: org.springframework.security.web.authentication.WebAuthenticationDetails@b364: RemoteIpAddress: 0:0:0:0:0:0:0:1; SessionId: 1E600D853E0BBAEF5D5780D1461E825F; Granted Authorities: ROLE_ANONYMOUS
2017-11-22 15:41:07.998 DEBUG 6976 --- [http-nio-8080-exec-2] o.s.s.access.vote.AffirmativeBased       : Voter: org.springframework.security.web.access.expression.WebExpressionVoter@22fe4d83, returned: 1
2017-11-22 15:41:08.000 DEBUG 6976 --- [http-nio-8080-exec-2] o.s.s.w.a.i.FilterSecurityInterceptor    : Authorization successful
2017-11-22 15:41:08.000 DEBUG 6976 --- [http-nio-8080-exec-2] o.s.s.w.a.i.FilterSecurityInterceptor    : RunAsManager did not change Authentication object
2017-11-22 15:41:08.001 DEBUG 6976 --- [http-nio-8080-exec-2] o.s.security.web.FilterChainProxy        : /login reached end of additional filter chain; proceeding with original chain
2017-11-22 15:41:08.147 DEBUG 6976 --- [http-nio-8080-exec-2] w.c.HttpSessionSecurityContextRepository : SecurityContext is empty or contents are anonymous - context will not be stored in HttpSession.
2017-11-22 15:41:08.150 DEBUG 6976 --- [http-nio-8080-exec-2] o.s.s.w.a.ExceptionTranslationFilter     : Chain processed normally
2017-11-22 15:41:08.151 DEBUG 6976 --- [http-nio-8080-exec-2] s.s.w.c.SecurityContextPersistenceFilter : SecurityContextHolder now cleared, as request processing completed
2017-11-22 15:41:08.287 DEBUG 6976 --- [http-nio-8080-exec-4] o.s.security.web.FilterChainProxy        : /css/style.css at position 1 of 12 in additional filter chain; firing Filter: 'WebAsyncManagerIntegrationFilter'
2017-11-22 15:41:08.289 DEBUG 6976 --- [http-nio-8080-exec-4] o.s.security.web.FilterChainProxy        : /css/style.css at position 2 of 12 in additional filter chain; firing Filter: 'SecurityContextPersistenceFilter'
2017-11-22 15:41:08.289 DEBUG 6976 --- [http-nio-8080-exec-4] w.c.HttpSessionSecurityContextRepository : HttpSession returned null object for SPRING_SECURITY_CONTEXT
2017-11-22 15:41:08.289 DEBUG 6976 --- [http-nio-8080-exec-4] w.c.HttpSessionSecurityContextRepository : No SecurityContext was available from the HttpSession: org.apache.catalina.session.StandardSessionFacade@4186cc83. A new one will be created.
2017-11-22 15:41:08.289 DEBUG 6976 --- [http-nio-8080-exec-4] o.s.security.web.FilterChainProxy        : /css/style.css at position 3 of 12 in additional filter chain; firing Filter: 'HeaderWriterFilter'
2017-11-22 15:41:08.289 DEBUG 6976 --- [http-nio-8080-exec-4] o.s.s.w.header.writers.HstsHeaderWriter  : Not injecting HSTS header since it did not match the requestMatcher org.springframework.security.web.header.writers.HstsHeaderWriter$SecureRequestMatcher@a6904e
2017-11-22 15:41:08.293 DEBUG 6976 --- [http-nio-8080-exec-4] o.s.security.web.FilterChainProxy        : /css/style.css at position 4 of 12 in additional filter chain; firing Filter: 'CsrfFilter'
2017-11-22 15:41:08.296 DEBUG 6976 --- [http-nio-8080-exec-3] o.s.security.web.FilterChainProxy        : /webjars/bootstrap/3.0.0/css/bootstrap.min.css at position 1 of 12 in additional filter chain; firing Filter: 'WebAsyncManagerIntegrationFilter'
2017-11-22 15:41:08.297 DEBUG 6976 --- [http-nio-8080-exec-4] o.s.security.web.FilterChainProxy        : /css/style.css at position 5 of 12 in additional filter chain; firing Filter: 'LogoutFilter'
2017-11-22 15:41:08.298 DEBUG 6976 --- [http-nio-8080-exec-4] o.s.s.w.u.matcher.AntPathRequestMatcher  : Checking match of request : '/css/style.css'; against '/logout'
2017-11-22 15:41:08.298 DEBUG 6976 --- [http-nio-8080-exec-4] o.s.security.web.FilterChainProxy        : /css/style.css at position 6 of 12 in additional filter chain; firing Filter: 'UsernamePasswordAuthenticationFilter'
2017-11-22 15:41:08.298 DEBUG 6976 --- [http-nio-8080-exec-4] o.s.s.w.u.matcher.AntPathRequestMatcher  : Request 'GET /css/style.css' doesn't match 'POST /login
2017-11-22 15:41:08.298 DEBUG 6976 --- [http-nio-8080-exec-4] o.s.security.web.FilterChainProxy        : /css/style.css at position 7 of 12 in additional filter chain; firing Filter: 'RequestCacheAwareFilter'
2017-11-22 15:41:08.298 DEBUG 6976 --- [http-nio-8080-exec-4] o.s.s.w.s.DefaultSavedRequest            : pathInfo: both null (property equals)
2017-11-22 15:41:08.298 DEBUG 6976 --- [http-nio-8080-exec-4] o.s.s.w.s.DefaultSavedRequest            : queryString: both null (property equals)
2017-11-22 15:41:08.298 DEBUG 6976 --- [http-nio-8080-exec-4] o.s.s.w.s.DefaultSavedRequest            : requestURI: arg1=/patients_table; arg2=/css/style.css (property not equals)
2017-11-22 15:41:08.298 DEBUG 6976 --- [http-nio-8080-exec-4] o.s.s.w.s.HttpSessionRequestCache        : saved request doesn't match
2017-11-22 15:41:08.299 DEBUG 6976 --- [http-nio-8080-exec-4] o.s.security.web.FilterChainProxy        : /css/style.css at position 8 of 12 in additional filter chain; firing Filter: 'SecurityContextHolderAwareRequestFilter'
2017-11-22 15:41:08.299 DEBUG 6976 --- [http-nio-8080-exec-4] o.s.security.web.FilterChainProxy        : /css/style.css at position 9 of 12 in additional filter chain; firing Filter: 'AnonymousAuthenticationFilter'
2017-11-22 15:41:08.299 DEBUG 6976 --- [http-nio-8080-exec-4] o.s.s.w.a.AnonymousAuthenticationFilter  : Populated SecurityContextHolder with anonymous token: 'org.springframework.security.authentication.AnonymousAuthenticationToken@9055c2bc: Principal: anonymousUser; Credentials: [PROTECTED]; Authenticated: true; Details: org.springframework.security.web.authentication.WebAuthenticationDetails@b364: RemoteIpAddress: 0:0:0:0:0:0:0:1; SessionId: 1E600D853E0BBAEF5D5780D1461E825F; Granted Authorities: ROLE_ANONYMOUS'
2017-11-22 15:41:08.299 DEBUG 6976 --- [http-nio-8080-exec-4] o.s.security.web.FilterChainProxy        : /css/style.css at position 10 of 12 in additional filter chain; firing Filter: 'SessionManagementFilter'
2017-11-22 15:41:08.299 DEBUG 6976 --- [http-nio-8080-exec-4] o.s.security.web.FilterChainProxy        : /css/style.css at position 11 of 12 in additional filter chain; firing Filter: 'ExceptionTranslationFilter'
2017-11-22 15:41:08.299 DEBUG 6976 --- [http-nio-8080-exec-4] o.s.security.web.FilterChainProxy        : /css/style.css at position 12 of 12 in additional filter chain; firing Filter: 'FilterSecurityInterceptor'
2017-11-22 15:41:08.299 DEBUG 6976 --- [http-nio-8080-exec-4] o.s.s.w.u.matcher.AntPathRequestMatcher  : Checking match of request : '/css/style.css'; against '/logout'
2017-11-22 15:41:08.299 DEBUG 6976 --- [http-nio-8080-exec-4] o.s.s.w.u.matcher.AntPathRequestMatcher  : Checking match of request : '/css/style.css'; against '/css/**'
2017-11-22 15:41:08.299 DEBUG 6976 --- [http-nio-8080-exec-4] o.s.s.w.a.i.FilterSecurityInterceptor    : Secure object: FilterInvocation: URL: /css/style.css; Attributes: [permitAll]
2017-11-22 15:41:08.299 DEBUG 6976 --- [http-nio-8080-exec-4] o.s.s.w.a.i.FilterSecurityInterceptor    : Previously Authenticated: org.springframework.security.authentication.AnonymousAuthenticationToken@9055c2bc: Principal: anonymousUser; Credentials: [PROTECTED]; Authenticated: true; Details: org.springframework.security.web.authentication.WebAuthenticationDetails@b364: RemoteIpAddress: 0:0:0:0:0:0:0:1; SessionId: 1E600D853E0BBAEF5D5780D1461E825F; Granted Authorities: ROLE_ANONYMOUS
2017-11-22 15:41:08.301 DEBUG 6976 --- [http-nio-8080-exec-4] o.s.s.access.vote.AffirmativeBased       : Voter: org.springframework.security.web.access.expression.WebExpressionVoter@22fe4d83, returned: 1
2017-11-22 15:41:08.302 DEBUG 6976 --- [http-nio-8080-exec-4] o.s.s.w.a.i.FilterSecurityInterceptor    : Authorization successful
2017-11-22 15:41:08.302 DEBUG 6976 --- [http-nio-8080-exec-4] o.s.s.w.a.i.FilterSecurityInterceptor    : RunAsManager did not change Authentication object
2017-11-22 15:41:08.302 DEBUG 6976 --- [http-nio-8080-exec-4] o.s.security.web.FilterChainProxy        : /css/style.css reached end of additional filter chain; proceeding with original chain
2017-11-22 15:41:08.297 DEBUG 6976 --- [http-nio-8080-exec-3] o.s.security.web.FilterChainProxy        : /webjars/bootstrap/3.0.0/css/bootstrap.min.css at position 2 of 12 in additional filter chain; firing Filter: 'SecurityContextPersistenceFilter'
2017-11-22 15:41:08.304 DEBUG 6976 --- [http-nio-8080-exec-3] w.c.HttpSessionSecurityContextRepository : HttpSession returned null object for SPRING_SECURITY_CONTEXT
2017-11-22 15:41:08.305 DEBUG 6976 --- [http-nio-8080-exec-3] w.c.HttpSessionSecurityContextRepository : No SecurityContext was available from the HttpSession: org.apache.catalina.session.StandardSessionFacade@4186cc83. A new one will be created.
2017-11-22 15:41:08.305 DEBUG 6976 --- [http-nio-8080-exec-3] o.s.security.web.FilterChainProxy        : /webjars/bootstrap/3.0.0/css/bootstrap.min.css at position 3 of 12 in additional filter chain; firing Filter: 'HeaderWriterFilter'
2017-11-22 15:41:08.305 DEBUG 6976 --- [http-nio-8080-exec-3] o.s.s.w.header.writers.HstsHeaderWriter  : Not injecting HSTS header since it did not match the requestMatcher org.springframework.security.web.header.writers.HstsHeaderWriter$SecureRequestMatcher@a6904e
2017-11-22 15:41:08.305 DEBUG 6976 --- [http-nio-8080-exec-3] o.s.security.web.FilterChainProxy        : /webjars/bootstrap/3.0.0/css/bootstrap.min.css at position 4 of 12 in additional filter chain; firing Filter: 'CsrfFilter'
2017-11-22 15:41:08.305 DEBUG 6976 --- [http-nio-8080-exec-3] o.s.security.web.FilterChainProxy        : /webjars/bootstrap/3.0.0/css/bootstrap.min.css at position 5 of 12 in additional filter chain; firing Filter: 'LogoutFilter'
2017-11-22 15:41:08.305 DEBUG 6976 --- [http-nio-8080-exec-3] o.s.s.w.u.matcher.AntPathRequestMatcher  : Checking match of request : '/webjars/bootstrap/3.0.0/css/bootstrap.min.css'; against '/logout'
2017-11-22 15:41:08.305 DEBUG 6976 --- [http-nio-8080-exec-3] o.s.security.web.FilterChainProxy        : /webjars/bootstrap/3.0.0/css/bootstrap.min.css at position 6 of 12 in additional filter chain; firing Filter: 'UsernamePasswordAuthenticationFilter'
2017-11-22 15:41:08.305 DEBUG 6976 --- [http-nio-8080-exec-3] o.s.s.w.u.matcher.AntPathRequestMatcher  : Request 'GET /webjars/bootstrap/3.0.0/css/bootstrap.min.css' doesn't match 'POST /login
2017-11-22 15:41:08.305 DEBUG 6976 --- [http-nio-8080-exec-3] o.s.security.web.FilterChainProxy        : /webjars/bootstrap/3.0.0/css/bootstrap.min.css at position 7 of 12 in additional filter chain; firing Filter: 'RequestCacheAwareFilter'
2017-11-22 15:41:08.305 DEBUG 6976 --- [http-nio-8080-exec-3] o.s.s.w.s.DefaultSavedRequest            : pathInfo: both null (property equals)
2017-11-22 15:41:08.310 DEBUG 6976 --- [http-nio-8080-exec-3] o.s.s.w.s.DefaultSavedRequest            : queryString: both null (property equals)
2017-11-22 15:41:08.311 DEBUG 6976 --- [http-nio-8080-exec-3] o.s.s.w.s.DefaultSavedRequest            : requestURI: arg1=/patients_table; arg2=/webjars/bootstrap/3.0.0/css/bootstrap.min.css (property not equals)
2017-11-22 15:41:08.311 DEBUG 6976 --- [http-nio-8080-exec-3] o.s.s.w.s.HttpSessionRequestCache        : saved request doesn't match
2017-11-22 15:41:08.311 DEBUG 6976 --- [http-nio-8080-exec-3] o.s.security.web.FilterChainProxy        : /webjars/bootstrap/3.0.0/css/bootstrap.min.css at position 8 of 12 in additional filter chain; firing Filter: 'SecurityContextHolderAwareRequestFilter'
2017-11-22 15:41:08.311 DEBUG 6976 --- [http-nio-8080-exec-3] o.s.security.web.FilterChainProxy        : /webjars/bootstrap/3.0.0/css/bootstrap.min.css at position 9 of 12 in additional filter chain; firing Filter: 'AnonymousAuthenticationFilter'
2017-11-22 15:41:08.311 DEBUG 6976 --- [http-nio-8080-exec-3] o.s.s.w.a.AnonymousAuthenticationFilter  : Populated SecurityContextHolder with anonymous token: 'org.springframework.security.authentication.AnonymousAuthenticationToken@9055c2bc: Principal: anonymousUser; Credentials: [PROTECTED]; Authenticated: true; Details: org.springframework.security.web.authentication.WebAuthenticationDetails@b364: RemoteIpAddress: 0:0:0:0:0:0:0:1; SessionId: 1E600D853E0BBAEF5D5780D1461E825F; Granted Authorities: ROLE_ANONYMOUS'
2017-11-22 15:41:08.311 DEBUG 6976 --- [http-nio-8080-exec-3] o.s.security.web.FilterChainProxy        : /webjars/bootstrap/3.0.0/css/bootstrap.min.css at position 10 of 12 in additional filter chain; firing Filter: 'SessionManagementFilter'
2017-11-22 15:41:08.311 DEBUG 6976 --- [http-nio-8080-exec-3] o.s.security.web.FilterChainProxy        : /webjars/bootstrap/3.0.0/css/bootstrap.min.css at position 11 of 12 in additional filter chain; firing Filter: 'ExceptionTranslationFilter'
2017-11-22 15:41:08.311 DEBUG 6976 --- [http-nio-8080-exec-3] o.s.security.web.FilterChainProxy        : /webjars/bootstrap/3.0.0/css/bootstrap.min.css at position 12 of 12 in additional filter chain; firing Filter: 'FilterSecurityInterceptor'
2017-11-22 15:41:08.311 DEBUG 6976 --- [http-nio-8080-exec-3] o.s.s.w.u.matcher.AntPathRequestMatcher  : Checking match of request : '/webjars/bootstrap/3.0.0/css/bootstrap.min.css'; against '/logout'
2017-11-22 15:41:08.311 DEBUG 6976 --- [http-nio-8080-exec-3] o.s.s.w.u.matcher.AntPathRequestMatcher  : Checking match of request : '/webjars/bootstrap/3.0.0/css/bootstrap.min.css'; against '/css/**'
2017-11-22 15:41:08.311 DEBUG 6976 --- [http-nio-8080-exec-3] o.s.s.w.u.matcher.AntPathRequestMatcher  : Checking match of request : '/webjars/bootstrap/3.0.0/css/bootstrap.min.css'; against '/webjars/**'
2017-11-22 15:41:08.311 DEBUG 6976 --- [http-nio-8080-exec-3] o.s.s.w.a.i.FilterSecurityInterceptor    : Secure object: FilterInvocation: URL: /webjars/bootstrap/3.0.0/css/bootstrap.min.css; Attributes: [permitAll]
2017-11-22 15:41:08.312 DEBUG 6976 --- [http-nio-8080-exec-3] o.s.s.w.a.i.FilterSecurityInterceptor    : Previously Authenticated: org.springframework.security.authentication.AnonymousAuthenticationToken@9055c2bc: Principal: anonymousUser; Credentials: [PROTECTED]; Authenticated: true; Details: org.springframework.security.web.authentication.WebAuthenticationDetails@b364: RemoteIpAddress: 0:0:0:0:0:0:0:1; SessionId: 1E600D853E0BBAEF5D5780D1461E825F; Granted Authorities: ROLE_ANONYMOUS
2017-11-22 15:41:08.312 DEBUG 6976 --- [http-nio-8080-exec-3] o.s.s.access.vote.AffirmativeBased       : Voter: org.springframework.security.web.access.expression.WebExpressionVoter@22fe4d83, returned: 1
2017-11-22 15:41:08.312 DEBUG 6976 --- [http-nio-8080-exec-3] o.s.s.w.a.i.FilterSecurityInterceptor    : Authorization successful
2017-11-22 15:41:08.312 DEBUG 6976 --- [http-nio-8080-exec-3] o.s.s.w.a.i.FilterSecurityInterceptor    : RunAsManager did not change Authentication object
2017-11-22 15:41:08.312 DEBUG 6976 --- [http-nio-8080-exec-3] o.s.security.web.FilterChainProxy        : /webjars/bootstrap/3.0.0/css/bootstrap.min.css reached end of additional filter chain; proceeding with original chain
2017-11-22 15:41:08.329 DEBUG 6976 --- [http-nio-8080-exec-3] w.c.HttpSessionSecurityContextRepository : SecurityContext is empty or contents are anonymous - context will not be stored in HttpSession.
2017-11-22 15:41:08.340 DEBUG 6976 --- [http-nio-8080-exec-3] o.s.s.w.a.ExceptionTranslationFilter     : Chain processed normally
2017-11-22 15:41:08.340 DEBUG 6976 --- [http-nio-8080-exec-3] s.s.w.c.SecurityContextPersistenceFilter : SecurityContextHolder now cleared, as request processing completed
2017-11-22 15:41:08.358 DEBUG 6976 --- [http-nio-8080-exec-4] w.c.HttpSessionSecurityContextRepository : SecurityContext is empty or contents are anonymous - context will not be stored in HttpSession.
2017-11-22 15:41:08.363 DEBUG 6976 --- [http-nio-8080-exec-4] o.s.s.w.a.ExceptionTranslationFilter     : Chain processed normally
2017-11-22 15:41:08.363 DEBUG 6976 --- [http-nio-8080-exec-4] s.s.w.c.SecurityContextPersistenceFilter : SecurityContextHolder now cleared, as request processing completed
